Sun Jun 11 2023 9:11:59 } [PH] error: 🚀 GlobalErrorHandler ~ Cast to ObjectId failed for value "6482c0731bfc467de91dd" (type string) at path "_id" for model "AcademicSemester"
Sun Jun 11 2023 9:13:47 } [PH] error: 🚀 GlobalErrorHandler ~ [
  {
    "expected": "'January' | 'February' | 'March' | 'April' | 'May' | 'June' | 'July' | 'August' | 'September' | 'October' | 'November' | 'December'",
    "received": "undefined",
    "code": "invalid_type",
    "path": [
      "body",
      "startMonth"
    ],
    "message": "Start Month is required"
  },
  {
    "expected": "'January' | 'February' | 'March' | 'April' | 'May' | 'June' | 'July' | 'August' | 'September' | 'October' | 'November' | 'December'",
    "received": "undefined",
    "code": "invalid_type",
    "path": [
      "body",
      "endMonth"
    ],
    "message": "End Month is required"
  }
]
Sun Jun 11 2023 9:20:13 } [PH] error: 🚀 GlobalErrorHandler ~ Invalid Semester Code
