Sun Jun 11 2023 11:7:26 } [PH] error: 🚀 GlobalErrorHandler ~ [
  {
    "received": "Sprin",
    "code": "invalid_enum_value",
    "options": [
      "Spring",
      "Summer",
      "Fall"
    ],
    "path": [
      "body",
      "title"
    ],
    "message": "Invalid enum value. Expected 'Spring' | 'Summer' | 'Fall', received 'Sprin'"
  }
]
Sun Jun 11 2023 11:7:48 } [PH] error: 🚀 GlobalErrorHandler ~ Invalid Semester Code
Sun Jun 11 2023 11:13:47 } [PH] error: 🚀 GlobalErrorHandler ~ Invalid Semester Code
Sun Jun 11 2023 11:13:55 } [PH] error: 🚀 GlobalErrorHandler ~ [
  {
    "received": "Sprin",
    "code": "invalid_enum_value",
    "options": [
      "Spring",
      "Summer",
      "Fall"
    ],
    "path": [
      "body",
      "title"
    ],
    "message": "Invalid enum value. Expected 'Spring' | 'Summer' | 'Fall', received 'Sprin'"
  }
]
Sun Jun 11 2023 11:17:1 } [PH] error: 🚀 GlobalErrorHandler ~ [
  {
    "received": "Sprin",
    "code": "invalid_enum_value",
    "options": [
      "Spring",
      "Summer",
      "Fall"
    ],
    "path": [
      "body",
      "title"
    ],
    "message": "Invalid enum value. Expected 'Spring' | 'Summer' | 'Fall', received 'Sprin'"
  }
]
Sun Jun 11 2023 11:17:33 } [PH] error: 🚀 GlobalErrorHandler ~ Invalid Semester Code
Sun Jun 11 2023 11:20:8 } [PH] error: 🚀 GlobalErrorHandler ~ Invalid Semester Code
Sun Jun 11 2023 11:20:20 } [PH] error: 🚀 GlobalErrorHandler ~ [
  {
    "received": "Sprin",
    "code": "invalid_enum_value",
    "options": [
      "Spring",
      "Summer",
      "Fall"
    ],
    "path": [
      "body",
      "title"
    ],
    "message": "Invalid enum value. Expected 'Spring' | 'Summer' | 'Fall', received 'Sprin'"
  }
]
Sun Jun 11 2023 11:21:57 } [PH] error: 🚀 GlobalErrorHandler ~ [
  {
    "received": "Sprin",
    "code": "invalid_enum_value",
    "options": [
      "Spring",
      "Summer",
      "Fall"
    ],
    "path": [
      "body",
      "title"
    ],
    "message": "Invalid enum value. Expected 'Spring' | 'Summer' | 'Fall', received 'Sprin'"
  }
]
Sun Jun 11 2023 11:22:13 } [PH] error: 🚀 GlobalErrorHandler ~ Invalid Semester Code
Sun Jun 11 2023 11:24:22 } [PH] error: 🚀 GlobalErrorHandler ~ Invalid Semester Code
Sun Jun 11 2023 11:25:12 } [PH] error: 🚀 GlobalErrorHandler ~ [
  {
    "received": "Sprin",
    "code": "invalid_enum_value",
    "options": [
      "Spring",
      "Summer",
      "Fall"
    ],
    "path": [
      "body",
      "title"
    ],
    "message": "Invalid enum value. Expected 'Spring' | 'Summer' | 'Fall', received 'Sprin'"
  }
]
